<?xml version="1.0" encoding="UTF-8"?>
<!-- Generated by org.testng.reporters.JUnitReportReporter -->
<testsuite skipped="0" hostname="ARAVINDA-DELL-PERSONAL" name="com.digisoft.selenium.basics.HelloWorld" tests="1" failures="0" timestamp="03 Feb 2024 11:40:27 GMT" time="8.748" errors="0">
  <testcase name="helloWorld" time="8.748" classname="com.digisoft.selenium.basics.HelloWorld"/>
</testsuite> <!-- com.digisoft.selenium.basics.HelloWorld -->
