<?xml version="1.0" encoding="UTF-8"?>
<!-- Generated by org.testng.reporters.JUnitReportReporter -->
<testsuite skipped="0" hostname="ARAVINDA-DELL-PERSONAL" name="com.digisoft.selenium.basics.sync.ImplicitWaitDemo" tests="1" failures="0" timestamp="05 Feb 2024 11:45:41 GMT" time="22.451" errors="0">
  <testcase name="formFill" time="22.451" classname="com.digisoft.selenium.basics.sync.ImplicitWaitDemo"/>
</testsuite> <!-- com.digisoft.selenium.basics.sync.ImplicitWaitDemo -->
