<?xml version="1.0" encoding="UTF-8"?>
<!-- Generated by org.testng.reporters.JUnitReportReporter -->
<testsuite skipped="0" hostname="ARAVINDA-DELL-PERSONAL" name="com.digisoft.selenium.basics.sync.ExplicitWaitDemo" tests="1" failures="0" timestamp="05 Feb 2024 12:01:33 GMT" time="8.263" errors="0">
  <testcase name="explicitWaitDemo" time="8.263" classname="com.digisoft.selenium.basics.sync.ExplicitWaitDemo"/>
</testsuite> <!-- com.digisoft.selenium.basics.sync.ExplicitWaitDemo -->
