<?xml version="1.0" encoding="UTF-8"?>
<!-- Generated by org.testng.reporters.JUnitReportReporter -->
<testsuite hostname="ARAVINDA-DELL-PERSONAL" failures="0" tests="3" name="com.digisoft.pom.actitime.test.TestReports" time="0.013" errors="0" timestamp="2024-02-21T18:44:19 IST" skipped="0">
  <testcase classname="com.digisoft.pom.actitime.test.TestReports" name="testCase1" time="0.009"/>
  <system-out/>
  <testcase classname="com.digisoft.pom.actitime.test.TestReports" name="testCase2" time="0.002"/>
  <system-out/>
  <testcase classname="com.digisoft.pom.actitime.test.TestReports" name="testCase3" time="0.002"/>
  <system-out/>
</testsuite> <!-- com.digisoft.pom.actitime.test.TestReports -->
