<?xml version="1.0" encoding="UTF-8"?>
<!-- Generated by org.testng.reporters.JUnitReportReporter -->
<testsuite hostname="ARAVINDA-DELL-PERSONAL" failures="0" tests="1" name="com.digisoft.pom.actitime.grid.FireFoxTest" time="15.518" errors="0" timestamp="2024-02-24T18:29:23 IST" skipped="0">
  <testcase classname="com.digisoft.pom.actitime.grid.FireFoxTest" name="formyRegisterTest" time="15.518"/>
  <system-out/>
</testsuite> <!-- com.digisoft.pom.actitime.grid.FireFoxTest -->
